2026-04-28 13:08:07.622 | INFO     | __main__:<module>:7 - Logging is set up and ready to use.
2026-04-28 14:03:55.766 | INFO     | __main__:<module>:7 - Logging is set up and ready to use.
2026-04-28 14:04:09.733 | INFO     | __main__:<module>:7 - Logging is set up and ready to use.
2026-04-28 14:04:09.733 | WARNING  | __main__:<module>:9 - This is a warning message, indicating a potential issue.
2026-04-28 14:04:09.734 | ERROR    | __main__:<module>:10 - This is an error message, indicating a failure in the application.
2026-04-28 14:05:45.135 | DEBUG    | __main__:<module>:6 - Logger initialized successfully.
2026-04-28 14:05:45.135 | INFO     | __main__:<module>:7 - Logging is set up and ready to use.
2026-04-28 14:05:45.135 | WARNING  | __main__:<module>:9 - This is a warning message, indicating a potential issue.
2026-04-28 14:05:45.137 | ERROR    | __main__:<module>:10 - This is an error message, indicating a failure in the application.
2026-04-28 16:10:50.936 | INFO     | __main__:build:42 - Report 'Q2 Financials' successfully built
2026-04-28 16:11:07.202 | INFO     | __main__:build:42 - Report 'Q2 Financials' successfully built
2026-04-28 16:19:36.294 | INFO     | __main__:build:42 - Report 'Q2 Financials' successfully built
2026-04-28 16:19:36.295 | INFO     | __main__:<module>:53 - Generated Report: Report(title='Q2 Financials', body='Everything is great.', footer='')
2026-04-29 11:12:05.077 | INFO     | __main__:<module>:28 - Original: Monster Orc Warrior with skills: ['Strong', 'Green']
2026-04-29 11:12:05.077 | INFO     | __main__:<module>:29 - Clone: Monster Elite Orc with skills: ['Strong', 'Green', 'Berserk']
2026-04-29 11:15:07.444 | INFO     | __main__:<module>:28 - Original: Monster Orc Warrior with skills: ['Strong', 'Green']
2026-04-29 11:15:07.444 | INFO     | __main__:<module>:29 - Clone: Monster Elite Orc with skills: ['Strong', 'Green', 'Berserk']
2026-04-29 12:22:26.098 | INFO     | __main__:wrapper:15 - Функция heavy_computation выполнена за 1.500129 сек.
2026-04-29 13:44:54.592 | INFO     | __main__:wrapper:14 - Функция heavy_computation выполнена за 0.0120 сек
2026-04-29 13:45:12.271 | INFO     | __main__:wrapper:14 - Функция heavy_computation выполнена за 0.0313 сек
2026-04-29 13:51:27.683 | INFO     | __main__:wrapper:14 - Функция heavy_computation выполнена за 0.0000 сек
2026-04-29 13:51:48.167 | INFO     | __main__:wrapper:16 - Функция heavy_computation выполнена за 3.5707 сек
2026-04-29 14:14:33.392 | INFO     | __main__:wrapper:16 - Функция heavy_computation выполнена за 3.5839 сек
2026-04-29 14:39:49.788 | DEBUG    | __main__:wrapper:26 - Cache miss for heavy_task(1,). Computing...
2026-04-29 14:39:49.788 | DEBUG    | __main__:wrapper:26 - Cache miss for heavy_task(2,). Computing...
2026-04-29 14:39:49.788 | DEBUG    | __main__:wrapper:26 - Cache miss for heavy_task(3,). Computing...
2026-04-29 14:39:49.789 | DEBUG    | __main__:wrapper:18 - Cache hit for heavy_task(1,)
2026-04-29 14:39:49.789 | DEBUG    | __main__:wrapper:26 - Cache miss for heavy_task(4,). Computing...
2026-04-29 14:39:49.789 | INFO     | __main__:wrapper:31 - Evicting oldest key from cache: ((2,), ())
2026-04-29 14:39:57.237 | DEBUG    | __main__:wrapper:26 - Cache miss for heavy_task(1,). Computing...
2026-04-29 14:39:57.238 | DEBUG    | __main__:wrapper:26 - Cache miss for heavy_task(2,). Computing...
2026-04-29 14:39:57.238 | DEBUG    | __main__:wrapper:26 - Cache miss for heavy_task(3,). Computing...
2026-04-29 14:39:57.238 | DEBUG    | __main__:wrapper:18 - Cache hit for heavy_task(1,)
2026-04-29 14:39:57.238 | DEBUG    | __main__:wrapper:26 - Cache miss for heavy_task(4,). Computing...
2026-04-29 14:39:57.239 | INFO     | __main__:wrapper:31 - Evicting oldest key from cache: ((2,), ())
2026-04-29 14:40:06.740 | DEBUG    | __main__:wrapper:26 - Cache miss for heavy_task(1,). Computing...
2026-04-29 14:40:06.740 | DEBUG    | __main__:wrapper:26 - Cache miss for heavy_task(2,). Computing...
2026-04-29 14:40:06.740 | DEBUG    | __main__:wrapper:26 - Cache miss for heavy_task(3,). Computing...
2026-04-29 14:40:06.741 | DEBUG    | __main__:wrapper:18 - Cache hit for heavy_task(1,)
2026-04-29 14:40:06.741 | DEBUG    | __main__:wrapper:26 - Cache miss for heavy_task(4,). Computing...
2026-04-29 14:40:06.741 | INFO     | __main__:wrapper:31 - Evicting oldest key from cache: ((2,), ())
